This file contains any messages produced by compilers while
running configure, to aid debugging if configure makes a mistake.

It was created by swe545_assigment1_server configure 0.1, which was
generated by GNU Autoconf 2.68.  Invocation command line was

  $ /home/cyborg/swe545-assigment1-server/configure --enable-maintainer-mode CFLAGS=-g -O0 CXXFLAGS=-g -O0 JFLAGS=-g -O0 FFLAGS=-g -O0

## --------- ##
## Platform. ##
## --------- ##

hostname = cyborg
uname -m = i686
uname -r = 3.0.0-12-generic
uname -s = Linux
uname -v = #20-Ubuntu SMP Fri Oct 7 14:50:42 UTC 2011

/usr/bin/uname -p = unknown
/bin/uname -X     = unknown

/bin/arch              = unknown
/usr/bin/arch -k       = unknown
/usr/convex/getsysinfo = unknown
/usr/bin/hostinfo      = unknown
/bin/machine           = unknown
/usr/bin/oslevel       = unknown
/bin/universe          = unknown

PATH: /usr/lib/lightdm/lightdm
PATH: /usr/local/sbin
PATH: /usr/local/bin
PATH: /usr/sbin
PATH: /usr/bin
PATH: /sbin
PATH: /bin
PATH: /usr/games


## ----------- ##
## Core tests. ##
## ----------- ##

configure:2137: checking for a BSD-compatible install
configure:2205: result: /usr/bin/install -c
configure:2216: checking whether build environment is sane
configure:2266: result: yes
configure:2407: checking for a thread-safe mkdir -p
configure:2446: result: /bin/mkdir -p
configure:2459: checking for gawk
configure:2489: result: no
configure:2459: checking for mawk
configure:2475: found /usr/bin/mawk
configure:2486: result: mawk
configure:2497: checking whether make sets $(MAKE)
configure:2519: result: yes
configure:2661: checking for gcc
configure:2677: found /usr/bin/gcc
configure:2688: result: gcc
configure:2917: checking for C compiler version
configure:2926: gcc --version >&5
gcc (Ubuntu/Linaro 4.6.1-9ubuntu3) 4.6.1
Copyright (C) 2011 Free Software Foundation, Inc.
This is free software; see the source for copying conditions.  There is NO
warranty; not even for MERCHANTABILITY or FITNESS FOR A PARTICULAR PURPOSE.

configure:2937: $? = 0
configure:2926: gcc -v >&5
Using built-in specs.
COLLECT_GCC=gcc
COLLECT_LTO_WRAPPER=/usr/lib/gcc/i686-linux-gnu/4.6.1/lto-wrapper
Target: i686-linux-gnu
Configured with: ../src/configure -v --with-pkgversion='Ubuntu/Linaro 4.6.1-9ubuntu3' --with-bugurl=file:///usr/share/doc/gcc-4.6/README.Bugs --enable-languages=c,c++,fortran,objc,obj-c++,go --prefix=/usr --program-suffix=-4.6 --enable-shared --enable-linker-build-id --with-system-zlib --libexecdir=/usr/lib --without-included-gettext --enable-threads=posix --with-gxx-include-dir=/usr/include/c++/4.6 --libdir=/usr/lib --enable-nls --with-sysroot=/ --enable-clocale=gnu --enable-libstdcxx-debug --enable-libstdcxx-time=yes --enable-plugin --enable-objc-gc --enable-targets=all --disable-werror --with-arch-32=i686 --with-tune=generic --enable-checking=release --build=i686-linux-gnu --host=i686-linux-gnu --target=i686-linux-gnu
Thread model: posix
gcc version 4.6.1 (Ubuntu/Linaro 4.6.1-9ubuntu3) 
configure:2937: $? = 0
configure:2926: gcc -V >&5
gcc: error: unrecognized option '-V'
gcc: fatal error: no input files
compilation terminated.
configure:2937: $? = 4
configure:2926: gcc -qversion >&5
gcc: error: unrecognized option '-qversion'
gcc: fatal error: no input files
compilation terminated.
configure:2937: $? = 4
configure:2957: checking whether the C compiler works
configure:2979: gcc -g -O0   conftest.c  >&5
configure:2983: $? = 0
configure:3031: result: yes
configure:3034: checking for C compiler default output file name
configure:3036: result: a.out
configure:3042: checking for suffix of executables
configure:3049: gcc -o conftest -g -O0   conftest.c  >&5
configure:3053: $? = 0
configure:3075: result: 
configure:3097: checking whether we are cross compiling
configure:3105: gcc -o conftest -g -O0   conftest.c  >&5
configure:3109: $? = 0
configure:3116: ./conftest
configure:3120: $? = 0
configure:3135: result: no
configure:3140: checking for suffix of object files
configure:3162: gcc -c -g -O0  conftest.c >&5
configure:3166: $? = 0
configure:3187: result: o
configure:3191: checking whether we are using the GNU C compiler
configure:3210: gcc -c -g -O0  conftest.c >&5
configure:3210: $? = 0
configure:3219: result: yes
configure:3228: checking whether gcc accepts -g
configure:3248: gcc -c -g  conftest.c >&5
configure:3248: $? = 0
configure:3289: result: yes
configure:3306: checking for gcc option to accept ISO C89
configure:3370: gcc  -c -g -O0  conftest.c >&5
configure:3370: $? = 0
configure:3383: result: none needed
configure:3414: checking for style of include used by make
configure:3442: result: GNU
configure:3467: checking dependency style of gcc
configure:3577: result: gcc3
configure:3627: checking build system type
configure:3641: result: i686-pc-linux-gnu
configure:3661: checking host system type
configure:3674: result: i686-pc-linux-gnu
configure:3715: checking how to print strings
configure:3742: result: printf
configure:3763: checking for a sed that does not truncate output
configure:3827: result: /bin/sed
configure:3845: checking for grep that handles long lines and -e
configure:3903: result: /bin/grep
configure:3908: checking for egrep
configure:3970: result: /bin/grep -E
configure:3975: checking for fgrep
configure:4037: result: /bin/grep -F
configure:4072: checking for ld used by gcc
configure:4139: result: /usr/bin/ld
configure:4146: checking if the linker (/usr/bin/ld) is GNU ld
configure:4161: result: yes
configure:4173: checking for BSD- or MS-compatible name lister (nm)
configure:4222: result: /usr/bin/nm -B
configure:4352: checking the name lister (/usr/bin/nm -B) interface
configure:4359: gcc -c -g -O0  conftest.c >&5
configure:4362: /usr/bin/nm -B "conftest.o"
configure:4365: output
00000000 B some_variable
configure:4372: result: BSD nm
configure:4375: checking whether ln -s works
configure:4379: result: yes
configure:4387: checking the maximum length of command line arguments
configure:4512: result: 1572864
configure:4529: checking whether the shell understands some XSI constructs
configure:4539: result: yes
configure:4543: checking whether the shell understands "+="
configure:4549: result: yes
configure:4584: checking how to convert i686-pc-linux-gnu file names to i686-pc-linux-gnu format
configure:4624: result: func_convert_file_noop
configure:4631: checking how to convert i686-pc-linux-gnu file names to toolchain format
configure:4651: result: func_convert_file_noop
configure:4658: checking for /usr/bin/ld option to reload object files
configure:4665: result: -r
configure:4739: checking for objdump
configure:4755: found /usr/bin/objdump
configure:4766: result: objdump
configure:4798: checking how to recognize dependent libraries
configure:5000: result: pass_all
configure:5085: checking for dlltool
configure:5115: result: no
configure:5145: checking how to associate runtime and link libraries
configure:5172: result: printf %s\n
configure:5233: checking for ar
configure:5249: found /usr/bin/ar
configure:5260: result: ar
configure:5297: checking for archiver @FILE support
configure:5314: gcc -c -g -O0  conftest.c >&5
configure:5314: $? = 0
configure:5317: ar cru libconftest.a @conftest.lst >&5
configure:5320: $? = 0
configure:5325: ar cru libconftest.a @conftest.lst >&5
ar: conftest.o: No such file or directory
configure:5328: $? = 1
configure:5340: result: @
configure:5398: checking for strip
configure:5414: found /usr/bin/strip
configure:5425: result: strip
configure:5497: checking for ranlib
configure:5513: found /usr/bin/ranlib
configure:5524: result: ranlib
configure:5626: checking command to parse /usr/bin/nm -B output from gcc object
configure:5745: gcc -c -g -O0  conftest.c >&5
configure:5748: $? = 0
configure:5752: /usr/bin/nm -B conftest.o \| sed -n -e 's/^.*[ ]\([ABCDGIRSTW][ABCDGIRSTW]*\)[ ][ ]*\([_A-Za-z][_A-Za-z0-9]*\)$/\1 \2 \2/p' | sed '/ __gnu_lto/d' \> conftest.nm
configure:5755: $? = 0
configure:5821: gcc -o conftest -g -O0   conftest.c conftstm.o >&5
configure:5824: $? = 0
configure:5862: result: ok
configure:5899: checking for sysroot
configure:5929: result: no
configure:6172: checking for mt
configure:6188: found /bin/mt
configure:6199: result: mt
configure:6222: checking if mt is a manifest tool
configure:6228: mt '-?'
configure:6236: result: no
configure:6868: checking how to run the C preprocessor
configure:6899: gcc -E  conftest.c
configure:6899: $? = 0
configure:6913: gcc -E  conftest.c
conftest.c:11:28: fatal error: ac_nonexistent.h: No such file or directory
compilation terminated.
configure:6913: $? = 1
configure: failed program was:
| /* confdefs.h */
| #define PACKAGE_NAME "swe545_assigment1_server"
| #define PACKAGE_TARNAME "swe545_assigment1_server"
| #define PACKAGE_VERSION "0.1"
| #define PACKAGE_STRING "swe545_assigment1_server 0.1"
| #define PACKAGE_BUGREPORT ""
| #define PACKAGE_URL ""
| #define PACKAGE "swe545_assigment1_server"
| #define VERSION "0.1"
| /* end confdefs.h.  */
| #include <ac_nonexistent.h>
configure:6938: result: gcc -E
configure:6958: gcc -E  conftest.c
configure:6958: $? = 0
configure:6972: gcc -E  conftest.c
conftest.c:11:28: fatal error: ac_nonexistent.h: No such file or directory
compilation terminated.
configure:6972: $? = 1
configure: failed program was:
| /* confdefs.h */
| #define PACKAGE_NAME "swe545_assigment1_server"
| #define PACKAGE_TARNAME "swe545_assigment1_server"
| #define PACKAGE_VERSION "0.1"
| #define PACKAGE_STRING "swe545_assigment1_server 0.1"
| #define PACKAGE_BUGREPORT ""
| #define PACKAGE_URL ""
| #define PACKAGE "swe545_assigment1_server"
| #define VERSION "0.1"
| /* end confdefs.h.  */
| #include <ac_nonexistent.h>
configure:7001: checking for ANSI C header files
configure:7021: gcc -c -g -O0  conftest.c >&5
configure:7021: $? = 0
configure:7094: gcc -o conftest -g -O0   conftest.c  >&5
configure:7094: $? = 0
configure:7094: ./conftest
configure:7094: $? = 0
configure:7105: result: yes
configure:7118: checking for sys/types.h
configure:7118: gcc -c -g -O0  conftest.c >&5
configure:7118: $? = 0
configure:7118: result: yes
configure:7118: checking for sys/stat.h
configure:7118: gcc -c -g -O0  conftest.c >&5
configure:7118: $? = 0
configure:7118: result: yes
configure:7118: checking for stdlib.h
configure:7118: gcc -c -g -O0  conftest.c >&5
configure:7118: $? = 0
configure:7118: result: yes
configure:7118: checking for string.h
configure:7118: gcc -c -g -O0  conftest.c >&5
configure:7118: $? = 0
configure:7118: result: yes
configure:7118: checking for memory.h
configure:7118: gcc -c -g -O0  conftest.c >&5
configure:7118: $? = 0
configure:7118: result: yes
configure:7118: checking for strings.h
configure:7118: gcc -c -g -O0  conftest.c >&5
configure:7118: $? = 0
configure:7118: result: yes
configure:7118: checking for inttypes.h
configure:7118: gcc -c -g -O0  conftest.c >&5
configure:7118: $? = 0
configure:7118: result: yes
configure:7118: checking for stdint.h
configure:7118: gcc -c -g -O0  conftest.c >&5
configure:7118: $? = 0
configure:7118: result: yes
configure:7118: checking for unistd.h
configure:7118: gcc -c -g -O0  conftest.c >&5
configure:7118: $? = 0
configure:7118: result: yes
configure:7132: checking for dlfcn.h
configure:7132: gcc -c -g -O0  conftest.c >&5
configure:7132: $? = 0
configure:7132: result: yes
configure:7319: checking for objdir
configure:7334: result: .libs
configure:7601: checking if gcc supports -fno-rtti -fno-exceptions
configure:7619: gcc -c -g -O0  -fno-rtti -fno-exceptions conftest.c >&5
cc1: warning: command line option '-fno-rtti' is valid for C++/ObjC++ but not for C [enabled by default]
configure:7623: $? = 0
configure:7636: result: no
configure:7946: checking for gcc option to produce PIC
configure:7953: result: -fPIC -DPIC
configure:7961: checking if gcc PIC flag -fPIC -DPIC works
configure:7979: gcc -c -g -O0  -fPIC -DPIC -DPIC conftest.c >&5
configure:7983: $? = 0
configure:7996: result: yes
configure:8025: checking if gcc static flag -static works
configure:8053: result: yes
configure:8068: checking if gcc supports -c -o file.o
configure:8089: gcc -c -g -O0  -o out/conftest2.o conftest.c >&5
configure:8093: $? = 0
configure:8115: result: yes
configure:8123: checking if gcc supports -c -o file.o
configure:8170: result: yes
configure:8203: checking whether the gcc linker (/usr/bin/ld) supports shared libraries
configure:9365: result: yes
configure:9402: checking whether -lc should be explicitly linked in
configure:9410: gcc -c -g -O0  conftest.c >&5
configure:9413: $? = 0
configure:9428: gcc -shared  -fPIC -DPIC conftest.o  -v -Wl,-soname -Wl,conftest -o conftest 2\>\&1 \| /bin/grep  -lc  \>/dev/null 2\>\&1
configure:9431: $? = 0
configure:9445: result: no
configure:9610: checking dynamic linker characteristics
configure:10125: gcc -o conftest -g -O0   -Wl,-rpath -Wl,/foo conftest.c  >&5
configure:10125: $? = 0
configure:10359: result: GNU/Linux ld.so
configure:10466: checking how to hardcode library paths into programs
configure:10491: result: immediate
configure:11031: checking whether stripping libraries is possible
configure:11036: result: yes
configure:11071: checking if libtool supports shared libraries
configure:11073: result: yes
configure:11076: checking whether to build shared libraries
configure:11097: result: yes
configure:11100: checking whether to build static libraries
configure:11104: result: yes
configure:11277: creating ./config.status

## ---------------------- ##
## Running config.status. ##
## ---------------------- ##

This file was extended by swe545_assigment1_server config.status 0.1, which was
generated by GNU Autoconf 2.68.  Invocation command line was

  CONFIG_FILES    = 
  CONFIG_HEADERS  = 
  CONFIG_LINKS    = 
  CONFIG_COMMANDS = 
  $ ./config.status 

on cyborg

config.status:1090: creating Makefile
config.status:1090: creating src/Makefile
config.status:1090: creating config.h
config.status:1304: executing depfiles commands
config.status:1304: executing libtool commands
configure:13513: WARNING: unrecognized options: --enable-maintainer-mode

## ---------------- ##
## Cache variables. ##
## ---------------- ##

ac_cv_build=i686-pc-linux-gnu
ac_cv_c_compiler_gnu=yes
ac_cv_env_CC_set=
ac_cv_env_CC_value=
ac_cv_env_CFLAGS_set=set
ac_cv_env_CFLAGS_value='-g -O0'
ac_cv_env_CPPFLAGS_set=
ac_cv_env_CPPFLAGS_value=
ac_cv_env_CPP_set=
ac_cv_env_CPP_value=
ac_cv_env_LDFLAGS_set=
ac_cv_env_LDFLAGS_value=
ac_cv_env_LIBS_set=
ac_cv_env_LIBS_value=
ac_cv_env_build_alias_set=
ac_cv_env_build_alias_value=
ac_cv_env_host_alias_set=
ac_cv_env_host_alias_value=
ac_cv_env_target_alias_set=
ac_cv_env_target_alias_value=
ac_cv_header_dlfcn_h=yes
ac_cv_header_inttypes_h=yes
ac_cv_header_memory_h=yes
ac_cv_header_stdc=yes
ac_cv_header_stdint_h=yes
ac_cv_header_stdlib_h=yes
ac_cv_header_string_h=yes
ac_cv_header_strings_h=yes
ac_cv_header_sys_stat_h=yes
ac_cv_header_sys_types_h=yes
ac_cv_header_unistd_h=yes
ac_cv_host=i686-pc-linux-gnu
ac_cv_objext=o
ac_cv_path_EGREP='/bin/grep -E'
ac_cv_path_FGREP='/bin/grep -F'
ac_cv_path_GREP=/bin/grep
ac_cv_path_SED=/bin/sed
ac_cv_path_install='/usr/bin/install -c'
ac_cv_path_mkdir=/bin/mkdir
ac_cv_prog_AWK=mawk
ac_cv_prog_CPP='gcc -E'
ac_cv_prog_ac_ct_AR=ar
ac_cv_prog_ac_ct_CC=gcc
ac_cv_prog_ac_ct_MANIFEST_TOOL=mt
ac_cv_prog_ac_ct_OBJDUMP=objdump
ac_cv_prog_ac_ct_RANLIB=ranlib
ac_cv_prog_ac_ct_STRIP=strip
ac_cv_prog_cc_c89=
ac_cv_prog_cc_g=yes
ac_cv_prog_make_make_set=yes
am_cv_CC_dependencies_compiler_type=gcc3
lt_cv_ar_at_file=@
lt_cv_archive_cmds_need_lc=no
lt_cv_deplibs_check_method=pass_all
lt_cv_file_magic_cmd='$MAGIC_CMD'
lt_cv_file_magic_test_file=
lt_cv_ld_reload_flag=-r
lt_cv_nm_interface='BSD nm'
lt_cv_objdir=.libs
lt_cv_path_LD=/usr/bin/ld
lt_cv_path_NM='/usr/bin/nm -B'
lt_cv_path_mainfest_tool=no
lt_cv_prog_compiler_c_o=yes
lt_cv_prog_compiler_pic='-fPIC -DPIC'
lt_cv_prog_compiler_pic_works=yes
lt_cv_prog_compiler_rtti_exceptions=no
lt_cv_prog_compiler_static_works=yes
lt_cv_prog_gnu_ld=yes
lt_cv_sharedlib_from_linklib_cmd='printf %s\n'
lt_cv_shlibpath_overrides_runpath=no
lt_cv_sys_global_symbol_pipe='sed -n -e '\''s/^.*[	 ]\([ABCDGIRSTW][ABCDGIRSTW]*\)[	 ][	 ]*\([_A-Za-z][_A-Za-z0-9]*\)$/\1 \2 \2/p'\'' | sed '\''/ __gnu_lto/d'\'''
lt_cv_sys_global_symbol_to_c_name_address='sed -n -e '\''s/^: \([^ ]*\)[ ]*$/  {\"\1\", (void *) 0},/p'\'' -e '\''s/^[ABCDGIRSTW]* \([^ ]*\) \([^ ]*\)$/  {"\2", (void *) \&\2},/p'\'''
lt_cv_sys_global_symbol_to_c_name_address_lib_prefix='sed -n -e '\''s/^: \([^ ]*\)[ ]*$/  {\"\1\", (void *) 0},/p'\'' -e '\''s/^[ABCDGIRSTW]* \([^ ]*\) \(lib[^ ]*\)$/  {"\2", (void *) \&\2},/p'\'' -e '\''s/^[ABCDGIRSTW]* \([^ ]*\) \([^ ]*\)$/  {"lib\2", (void *) \&\2},/p'\'''
lt_cv_sys_global_symbol_to_cdecl='sed -n -e '\''s/^T .* \(.*\)$/extern int \1();/p'\'' -e '\''s/^[ABCDGIRSTW]* .* \(.*\)$/extern char \1;/p'\'''
lt_cv_sys_max_cmd_len=1572864
lt_cv_to_host_file_cmd=func_convert_file_noop
lt_cv_to_tool_file_cmd=func_convert_file_noop

## ----------------- ##
## Output variables. ##
## ----------------- ##

ACLOCAL='${SHELL} /home/cyborg/swe545-assigment1-server/missing --run aclocal-1.11'
AMDEPBACKSLASH='\'
AMDEP_FALSE='#'
AMDEP_TRUE=''
AMTAR='${SHELL} /home/cyborg/swe545-assigment1-server/missing --run tar'
AM_BACKSLASH='\'
AM_DEFAULT_VERBOSITY='0'
AR='ar'
AUTOCONF='${SHELL} /home/cyborg/swe545-assigment1-server/missing --run autoconf'
AUTOHEADER='${SHELL} /home/cyborg/swe545-assigment1-server/missing --run autoheader'
AUTOMAKE='${SHELL} /home/cyborg/swe545-assigment1-server/missing --run automake-1.11'
AWK='mawk'
CC='gcc'
CCDEPMODE='depmode=gcc3'
CFLAGS='-g -O0'
CPP='gcc -E'
CPPFLAGS=''
CYGPATH_W='echo'
DEFS='-DHAVE_CONFIG_H'
DEPDIR='.deps'
DLLTOOL='false'
DSYMUTIL=''
DUMPBIN=''
ECHO_C=''
ECHO_N='-n'
ECHO_T=''
EGREP='/bin/grep -E'
EXEEXT=''
FGREP='/bin/grep -F'
GREP='/bin/grep'
INSTALL_DATA='${INSTALL} -m 644'
INSTALL_PROGRAM='${INSTALL}'
INSTALL_SCRIPT='${INSTALL}'
INSTALL_STRIP_PROGRAM='$(install_sh) -c -s'
LD='/usr/bin/ld'
LDFLAGS=''
LIBOBJS=''
LIBS=''
LIBTOOL='$(SHELL) $(top_builddir)/libtool'
LIPO=''
LN_S='ln -s'
LTLIBOBJS=''
MAKEINFO='${SHELL} /home/cyborg/swe545-assigment1-server/missing --run makeinfo'
MANIFEST_TOOL=':'
MKDIR_P='/bin/mkdir -p'
NM='/usr/bin/nm -B'
NMEDIT=''
OBJDUMP='objdump'
OBJEXT='o'
OTOOL64=''
OTOOL=''
PACKAGE='swe545_assigment1_server'
PACKAGE_BUGREPORT=''
PACKAGE_NAME='swe545_assigment1_server'
PACKAGE_STRING='swe545_assigment1_server 0.1'
PACKAGE_TARNAME='swe545_assigment1_server'
PACKAGE_URL=''
PACKAGE_VERSION='0.1'
PATH_SEPARATOR=':'
RANLIB='ranlib'
SED='/bin/sed'
SET_MAKE=''
SHELL='/bin/bash'
STRIP='strip'
VERSION='0.1'
ac_ct_AR='ar'
ac_ct_CC='gcc'
ac_ct_DUMPBIN=''
am__EXEEXT_FALSE=''
am__EXEEXT_TRUE='#'
am__fastdepCC_FALSE='#'
am__fastdepCC_TRUE=''
am__include='include'
am__isrc=' -I$(srcdir)'
am__leading_dot='.'
am__quote=''
am__tar='${AMTAR} chof - "$$tardir"'
am__untar='${AMTAR} xf -'
bindir='${exec_prefix}/bin'
build='i686-pc-linux-gnu'
build_alias=''
build_cpu='i686'
build_os='linux-gnu'
build_vendor='pc'
datadir='${datarootdir}'
datarootdir='${prefix}/share'
docdir='${datarootdir}/doc/${PACKAGE_TARNAME}'
dvidir='${docdir}'
exec_prefix='${prefix}'
host='i686-pc-linux-gnu'
host_alias=''
host_cpu='i686'
host_os='linux-gnu'
host_vendor='pc'
htmldir='${docdir}'
includedir='${prefix}/include'
infodir='${datarootdir}/info'
install_sh='${SHELL} /home/cyborg/swe545-assigment1-server/install-sh'
libdir='${exec_prefix}/lib'
libexecdir='${exec_prefix}/libexec'
localedir='${datarootdir}/locale'
localstatedir='${prefix}/var'
mandir='${datarootdir}/man'
mkdir_p='/bin/mkdir -p'
oldincludedir='/usr/include'
pdfdir='${docdir}'
prefix='/usr/local'
program_transform_name='s,x,x,'
psdir='${docdir}'
sbindir='${exec_prefix}/sbin'
sharedstatedir='${prefix}/com'
sysconfdir='${prefix}/etc'
target_alias=''

## ----------- ##
## confdefs.h. ##
## ----------- ##

/* confdefs.h */
#define PACKAGE_NAME "swe545_assigment1_server"
#define PACKAGE_TARNAME "swe545_assigment1_server"
#define PACKAGE_VERSION "0.1"
#define PACKAGE_STRING "swe545_assigment1_server 0.1"
#define PACKAGE_BUGREPORT ""
#define PACKAGE_URL ""
#define PACKAGE "swe545_assigment1_server"
#define VERSION "0.1"
#define STDC_HEADERS 1
#define HAVE_SYS_TYPES_H 1
#define HAVE_SYS_STAT_H 1
#define HAVE_STDLIB_H 1
#define HAVE_STRING_H 1
#define HAVE_MEMORY_H 1
#define HAVE_STRINGS_H 1
#define HAVE_INTTYPES_H 1
#define HAVE_STDINT_H 1
#define HAVE_UNISTD_H 1
#define HAVE_DLFCN_H 1
#define LT_OBJDIR ".libs/"

configure: exit 0
